0 info it worked if it ends with ok
1 verbose cli [
1 verbose cli   '/usr/local/bin/node',
1 verbose cli   '/usr/local/bin/npm',
1 verbose cli   'install',
1 verbose cli   '--ignore-scripts',
1 verbose cli   '@types/testing-library__jest-dom@ts3.6',
1 verbose cli   '@types/react@ts3.6',
1 verbose cli   '@types/react-dom@ts3.6',
1 verbose cli   '@types/eslint-config-prettier@ts3.6',
1 verbose cli   '@types/eslint-plugin-prettier@ts3.6',
1 verbose cli   '@types/lint-staged@ts3.6',
1 verbose cli   '@types/prettier@ts3.6',
1 verbose cli   '--save-dev',
1 verbose cli   '--user-agent=typesInstaller/3.6.3'
1 verbose cli ]
2 info using npm@6.14.6
3 info using node@v12.18.3
4 verbose npm-session 39f2d76f60bac374
5 silly install loadCurrentTree
6 silly install readLocalPackageData
7 http fetch GET 304 https://registry.npmjs.org/@types%2feslint-plugin-prettier 892ms (from cache)
8 http fetch GET 304 https://registry.npmjs.org/@types%2freact-dom 909ms (from cache)
9 silly pacote tag manifest for @types/eslint-plugin-prettier@ts3.6 fetched in 919ms
10 silly pacote tag manifest for @types/react-dom@ts3.6 fetched in 929ms
11 http fetch GET 304 https://registry.npmjs.org/@types%2ftesting-library__jest-dom 935ms (from cache)
12 http fetch GET 304 https://registry.npmjs.org/@types%2flint-staged 924ms (from cache)
13 silly registry:manifest no matching version for @types/lint-staged@ts3.6 in the cache. Forcing revalidation.
14 silly pacote tag manifest for @types/testing-library__jest-dom@ts3.6 fetched in 956ms
15 http fetch GET 304 https://registry.npmjs.org/@types%2freact 963ms (from cache)
16 http fetch GET 304 https://registry.npmjs.org/@types%2feslint-config-prettier 974ms (from cache)
17 http fetch GET 304 https://registry.npmjs.org/@types%2fprettier 969ms (from cache)
18 silly pacote tag manifest for @types/react@ts3.6 fetched in 983ms
19 silly pacote tag manifest for @types/eslint-config-prettier@ts3.6 fetched in 983ms
20 silly pacote tag manifest for @types/prettier@ts3.6 fetched in 979ms
21 http fetch GET 200 https://registry.npmjs.org/@types%2flint-staged 188ms
22 silly fetchPackageMetaData error for @types/lint-staged@ts3.6 No matching version found for @types/lint-staged@ts3.6.
23 timing stage:rollbackFailedOptional Completed in 2ms
24 timing stage:runTopLevelLifecycles Completed in 1210ms
25 verbose type tag
26 verbose stack @types/lint-staged: No matching version found for @types/lint-staged@ts3.6.
26 verbose stack     at pickManifest (/usr/local/lib/node_modules/npm/node_modules/npm-pick-manifest/index.js:122:13)
26 verbose stack     at /usr/local/lib/node_modules/npm/node_modules/pacote/lib/fetchers/registry/manifest.js:43:18
26 verbose stack     at tryCatcher (/usr/local/lib/node_modules/npm/node_modules/bluebird/js/release/util.js:16:23)
26 verbose stack     at Promise._settlePromiseFromHandler (/usr/local/lib/node_modules/npm/node_modules/bluebird/js/release/promise.js:517:31)
26 verbose stack     at Promise._settlePromise (/usr/local/lib/node_modules/npm/node_modules/bluebird/js/release/promise.js:574:18)
26 verbose stack     at Promise._settlePromise0 (/usr/local/lib/node_modules/npm/node_modules/bluebird/js/release/promise.js:619:10)
26 verbose stack     at Promise._settlePromises (/usr/local/lib/node_modules/npm/node_modules/bluebird/js/release/promise.js:699:18)
26 verbose stack     at _drainQueueStep (/usr/local/lib/node_modules/npm/node_modules/bluebird/js/release/async.js:138:12)
26 verbose stack     at _drainQueue (/usr/local/lib/node_modules/npm/node_modules/bluebird/js/release/async.js:131:9)
26 verbose stack     at Async._drainQueues (/usr/local/lib/node_modules/npm/node_modules/bluebird/js/release/async.js:147:5)
26 verbose stack     at Immediate.Async.drainQueues [as _onImmediate] (/usr/local/lib/node_modules/npm/node_modules/bluebird/js/release/async.js:17:14)
26 verbose stack     at processImmediate (internal/timers.js:456:21)
27 verbose cwd /home/theia/.cache/typescript/3.6
28 verbose Linux 5.10.102.1-microsoft-standard-WSL2
29 verbose argv "/usr/local/bin/node" "/usr/local/bin/npm" "install" "--ignore-scripts" "@types/testing-library__jest-dom@ts3.6" "@types/react@ts3.6" "@types/react-dom@ts3.6" "@types/eslint-config-prettier@ts3.6" "@types/eslint-plugin-prettier@ts3.6" "@types/lint-staged@ts3.6" "@types/prettier@ts3.6" "--save-dev" "--user-agent=typesInstaller/3.6.3"
30 verbose node v12.18.3
31 verbose npm  v6.14.6
32 error code ETARGET
33 error notarget No matching version found for @types/lint-staged@ts3.6.
34 error notarget In most cases you or one of your dependencies are requesting
34 error notarget a package version that doesn't exist.
35 verbose exit [ 1, true ]
